2021/04/06 06:09:25 [emerg] 1#1: host not found in upstream "react-front:3000" in /etc/nginx/conf.d/default.conf:2
2021/04/06 06:09:38 [emerg] 1#1: host not found in upstream "react-front:3000" in /etc/nginx/conf.d/default.conf:2
2021/04/06 06:09:52 [emerg] 1#1: host not found in upstream "react-front:3000" in /etc/nginx/conf.d/default.conf:2
2021/04/06 08:17:44 [emerg] 1#1: host not found in upstream "react-front:3000" in /etc/nginx/conf.d/default.conf:2
2021/04/06 08:17:57 [emerg] 1#1: host not found in upstream "react-front:3000" in /etc/nginx/conf.d/default.conf:2
2021/04/06 08:18:09 [emerg] 1#1: host not found in upstream "react-front:3000" in /etc/nginx/conf.d/default.conf:2
2021/04/06 08:18:21 [emerg] 1#1: host not found in upstream "react-front:3000" in /etc/nginx/conf.d/default.conf:2
2021/04/06 08:18:33 [emerg] 1#1: host not found in upstream "react-front:3000" in /etc/nginx/conf.d/default.conf:2
2021/04/06 08:18:45 [emerg] 1#1: host not found in upstream "react-front:3000" in /etc/nginx/conf.d/default.conf:2
2021/04/06 08:18:56 [emerg] 1#1: host not found in upstream "react-front:3000" in /etc/nginx/conf.d/default.conf:2
2021/04/06 08:19:08 [emerg] 1#1: host not found in upstream "react-front:3000" in /etc/nginx/conf.d/default.conf:2
2021/04/06 08:19:20 [emerg] 1#1: host not found in upstream "react-front:3000" in /etc/nginx/conf.d/default.conf:2
2021/04/06 08:19:32 [emerg] 1#1: host not found in upstream "react-front:3000" in /etc/nginx/conf.d/default.conf:2
2021/04/06 08:19:43 [emerg] 1#1: host not found in upstream "react-front:3000" in /etc/nginx/conf.d/default.conf:2
2021/04/06 08:19:55 [emerg] 1#1: host not found in upstream "react-front:3000" in /etc/nginx/conf.d/default.conf:2
2021/04/06 08:20:07 [emerg] 1#1: host not found in upstream "react-front:3000" in /etc/nginx/conf.d/default.conf:2
2021/04/06 08:20:18 [emerg] 1#1: host not found in upstream "react-front:3000" in /etc/nginx/conf.d/default.conf:2
2021/04/06 08:20:30 [emerg] 1#1: host not found in upstream "react-front:3000" in /etc/nginx/conf.d/default.conf:2
2021/04/06 08:20:42 [emerg] 1#1: host not found in upstream "react-front:3000" in /etc/nginx/conf.d/default.conf:2
2021/04/06 08:20:54 [emerg] 1#1: host not found in upstream "react-front:3000" in /etc/nginx/conf.d/default.conf:2
2021/04/06 08:21:06 [emerg] 1#1: host not found in upstream "react-front:3000" in /etc/nginx/conf.d/default.conf:2
2021/04/06 08:21:17 [emerg] 1#1: host not found in upstream "react-front:3000" in /etc/nginx/conf.d/default.conf:2
2021/04/06 08:21:29 [emerg] 1#1: host not found in upstream "react-front:3000" in /etc/nginx/conf.d/default.conf:2
2021/04/06 08:21:41 [emerg] 1#1: host not found in upstream "react-front:3000" in /etc/nginx/conf.d/default.conf:2
2021/04/06 08:21:53 [emerg] 1#1: host not found in upstream "react-front:3000" in /etc/nginx/conf.d/default.conf:2
2021/04/06 08:22:04 [emerg] 1#1: host not found in upstream "react-front:3000" in /etc/nginx/conf.d/default.conf:2
2021/04/06 08:22:16 [emerg] 1#1: host not found in upstream "react-front:3000" in /etc/nginx/conf.d/default.conf:2
2021/04/06 12:43:01 [emerg] 1#1: host not found in upstream "react-front:3000" in /etc/nginx/conf.d/default.conf:2
2021/04/06 12:43:08 [emerg] 1#1: host not found in upstream "react-front:3000" in /etc/nginx/conf.d/default.conf:2
2021/04/06 12:43:14 [emerg] 1#1: host not found in upstream "react-front:3000" in /etc/nginx/conf.d/default.conf:2
2021/04/06 12:43:19 [emerg] 1#1: host not found in upstream "react-front:3000" in /etc/nginx/conf.d/default.conf:2
2021/04/06 12:43:25 [emerg] 1#1: host not found in upstream "react-front:3000" in /etc/nginx/conf.d/default.conf:2
2021/04/06 12:43:31 [emerg] 1#1: host not found in upstream "react-front:3000" in /etc/nginx/conf.d/default.conf:2
2021/04/06 12:43:38 [emerg] 1#1: host not found in upstream "react-front:3000" in /etc/nginx/conf.d/default.conf:2
2021/04/06 12:43:48 [emerg] 1#1: host not found in upstream "react-front:3000" in /etc/nginx/conf.d/default.conf:2
2021/04/06 12:44:04 [emerg] 1#1: host not found in upstream "react-front:3000" in /etc/nginx/conf.d/default.conf:2
2021/04/06 12:44:35 [emerg] 1#1: host not found in upstream "react-front:3000" in /etc/nginx/conf.d/default.conf:2
2021/04/08 02:40:27 [emerg] 1#1: host not found in upstream "react-front:3000" in /etc/nginx/conf.d/default.conf:2
2021/04/08 02:40:41 [emerg] 1#1: host not found in upstream "react-front:3000" in /etc/nginx/conf.d/default.conf:2
2021/04/08 03:55:28 [error] 31#31: *11 connect() failed (111: Connection refused) while connecting to upstream, client: 172.19.0.1, server: , request: "GET /sockjs-node HTTP/1.1", upstream: "http://172.19.0.4:3000/sockjs-node", host: "localhost"
2021/04/08 03:57:55 [emerg] 1#1: host not found in upstream "react-front:3000" in /etc/nginx/conf.d/default.conf:2
2021/04/08 03:58:09 [emerg] 1#1: host not found in upstream "react-front:3000" in /etc/nginx/conf.d/default.conf:2
2021/04/08 03:59:19 [error] 30#30: *8 connect() failed (111: Connection refused) while connecting to upstream, client: 172.20.0.1, server: , request: "GET /sockjs-node HTTP/1.1", upstream: "http://172.20.0.4:3000/sockjs-node", host: "localhost"
2021/04/08 04:03:14 [error] 31#31: *6 connect() failed (111: Connection refused) while connecting to upstream, client: 172.20.0.1, server: , request: "GET /api/read HTTP/1.1", upstream: "http://172.20.0.5:3000/read", host: "localhost", referrer: "http://localhost/"
2021/04/08 04:03:27 [error] 31#31: *15 connect() failed (111: Connection refused) while connecting to upstream, client: 172.20.0.1, server: , request: "GET /api/read HTTP/1.1", upstream: "http://172.20.0.5:3000/read", host: "localhost"
2021/04/08 04:05:52 [error] 31#31: *2 connect() failed (111: Connection refused) while connecting to upstream, client: 172.20.0.1, server: , request: "GET /api/read HTTP/1.1", upstream: "http://172.20.0.5:3000/read", host: "localhost"
2021/04/08 04:05:54 [error] 31#31: *2 connect() failed (111: Connection refused) while connecting to upstream, client: 172.20.0.1, server: , request: "GET /api/read HTTP/1.1", upstream: "http://172.20.0.5:3000/read", host: "localhost"
2021/04/08 04:05:55 [error] 31#31: *2 connect() failed (111: Connection refused) while connecting to upstream, client: 172.20.0.1, server: , request: "GET /api/read HTTP/1.1", upstream: "http://172.20.0.5:3000/read", host: "localhost"
2021/04/08 04:05:56 [error] 31#31: *2 connect() failed (111: Connection refused) while connecting to upstream, client: 172.20.0.1, server: , request: "GET /api/read HTTP/1.1", upstream: "http://172.20.0.5:3000/read", host: "localhost"
2021/04/08 04:18:43 [error] 31#31: *1 connect() failed (111: Connection refused) while connecting to upstream, client: 172.20.0.1, server: , request: "GET /api/read HTTP/1.1", upstream: "http://172.20.0.5:3000/read", host: "localhost"
2021/04/08 04:20:16 [error] 31#31: *5 connect() failed (111: Connection refused) while connecting to upstream, client: 172.20.0.1, server: , request: "GET /api/read HTTP/1.1", upstream: "http://172.20.0.5:3000/read", host: "localhost", referrer: "http://localhost/"
2021/04/08 04:20:26 [error] 31#31: *5 connect() failed (111: Connection refused) while connecting to upstream, client: 172.20.0.1, server: , request: "GET /api/read HTTP/1.1", upstream: "http://172.20.0.5:3000/read", host: "localhost"
2021/04/08 04:24:54 [error] 31#31: *2 connect() failed (111: Connection refused) while connecting to upstream, client: 172.20.0.1, server: , request: "GET /api/read HTTP/1.1", upstream: "http://172.20.0.5:3000/read", host: "localhost"
2021/04/08 04:24:55 [error] 31#31: *2 connect() failed (111: Connection refused) while connecting to upstream, client: 172.20.0.1, server: , request: "GET /api/read HTTP/1.1", upstream: "http://172.20.0.5:3000/read", host: "localhost"
2021/04/08 04:24:56 [error] 31#31: *2 connect() failed (111: Connection refused) while connecting to upstream, client: 172.20.0.1, server: , request: "GET /api/read HTTP/1.1", upstream: "http://172.20.0.5:3000/read", host: "localhost"
2021/04/08 04:24:57 [error] 31#31: *2 connect() failed (111: Connection refused) while connecting to upstream, client: 172.20.0.1, server: , request: "GET /api/read HTTP/1.1", upstream: "http://172.20.0.5:3000/read", host: "localhost"
2021/04/08 04:59:22 [error] 31#31: *2 upstream timed out (110: Connection timed out) while reading response header from upstream, client: 172.20.0.1, server: , request: "GET /api/read HTTP/1.1", upstream: "http://172.20.0.2:3000/api/read", host: "localhost"
2021/04/08 05:08:23 [error] 31#31: *2 upstream timed out (110: Connection timed out) while reading response header from upstream, client: 172.20.0.1, server: , request: "GET /api/ HTTP/1.1", upstream: "http://172.20.0.4:3000/", host: "localhost"
2021/04/08 05:10:52 [error] 31#31: *7 upstream timed out (110: Connection timed out) while reading response header from upstream, client: 172.20.0.1, server: , request: "GET /api/ HTTP/1.1", upstream: "http://172.20.0.4:3000/", host: "localhost"
2021/04/08 05:15:50 [error] 31#31: *2 upstream timed out (110: Connection timed out) while reading response header from upstream, client: 172.20.0.1, server: , request: "GET /api/ HTTP/1.1", upstream: "http://172.20.0.2:3000/", host: "localhost"
2021/04/09 00:27:41 [emerg] 1#1: host not found in upstream "react-front:3000" in /etc/nginx/conf.d/default.conf:2
2021/04/09 00:27:54 [emerg] 1#1: host not found in upstream "react-front:3000" in /etc/nginx/conf.d/default.conf:2
2021/04/09 00:28:08 [emerg] 1#1: host not found in upstream "react-front:3000" in /etc/nginx/conf.d/default.conf:2
2021/04/09 00:28:21 [emerg] 1#1: host not found in upstream "react-front:3000" in /etc/nginx/conf.d/default.conf:2
2021/04/09 00:28:34 [emerg] 1#1: host not found in upstream "react-front:3000" in /etc/nginx/conf.d/default.conf:2
2021/04/09 00:48:29 [error] 31#31: *2 upstream timed out (110: Connection timed out) while reading response header from upstream, client: 172.18.0.1, server: , request: "GET /api/read HTTP/1.1", upstream: "http://172.18.0.5:3000/api/read", host: "localhost"
2021/04/09 05:58:32 [emerg] 1#1: host not found in upstream "react-front:3000" in /etc/nginx/conf.d/default.conf:2
2021/04/09 05:58:46 [emerg] 1#1: host not found in upstream "react-front:3000" in /etc/nginx/conf.d/default.conf:2
2021/04/09 05:59:02 [emerg] 1#1: host not found in upstream "react-front:3000" in /etc/nginx/conf.d/default.conf:2
2021/04/09 05:59:16 [emerg] 1#1: host not found in upstream "react-front:3000" in /etc/nginx/conf.d/default.conf:2
2021/04/14 02:35:40 [emerg] 1#1: host not found in upstream "react-front:3000" in /etc/nginx/conf.d/default.conf:2
2021/04/14 02:35:53 [emerg] 1#1: host not found in upstream "react-front:3000" in /etc/nginx/conf.d/default.conf:2
2021/04/14 02:36:08 [emerg] 1#1: host not found in upstream "react-front:3000" in /etc/nginx/conf.d/default.conf:2
2021/04/14 02:36:21 [emerg] 1#1: host not found in upstream "react-front:3000" in /etc/nginx/conf.d/default.conf:2
2021/04/14 02:36:36 [emerg] 1#1: host not found in upstream "react-front:3000" in /etc/nginx/conf.d/default.conf:2
2021/04/14 02:36:50 [emerg] 1#1: host not found in upstream "node-back:3000" in /etc/nginx/conf.d/default.conf:6
2021/04/14 02:37:04 [emerg] 1#1: host not found in upstream "node-back:3000" in /etc/nginx/conf.d/default.conf:6
2021/04/14 02:37:16 [emerg] 1#1: host not found in upstream "node-back:3000" in /etc/nginx/conf.d/default.conf:6
2021/04/14 02:37:27 [emerg] 1#1: host not found in upstream "node-back:3000" in /etc/nginx/conf.d/default.conf:6
2021/04/14 02:37:39 [emerg] 1#1: host not found in upstream "node-back:3000" in /etc/nginx/conf.d/default.conf:6
2021/04/14 02:37:51 [emerg] 1#1: host not found in upstream "node-back:3000" in /etc/nginx/conf.d/default.conf:6
2021/04/14 02:38:03 [emerg] 1#1: host not found in upstream "node-back:3000" in /etc/nginx/conf.d/default.conf:6
2021/04/14 02:38:15 [emerg] 1#1: host not found in upstream "node-back:3000" in /etc/nginx/conf.d/default.conf:6
2021/04/14 02:38:27 [emerg] 1#1: host not found in upstream "node-back:3000" in /etc/nginx/conf.d/default.conf:6
2021/04/14 02:38:39 [emerg] 1#1: host not found in upstream "node-back:3000" in /etc/nginx/conf.d/default.conf:6
2021/04/14 02:38:50 [emerg] 1#1: host not found in upstream "node-back:3000" in /etc/nginx/conf.d/default.conf:6
2021/04/14 02:39:02 [emerg] 1#1: host not found in upstream "node-back:3000" in /etc/nginx/conf.d/default.conf:6
2021/04/14 02:39:14 [emerg] 1#1: host not found in upstream "node-back:3000" in /etc/nginx/conf.d/default.conf:6
2021/04/14 02:39:26 [emerg] 1#1: host not found in upstream "node-back:3000" in /etc/nginx/conf.d/default.conf:6
2021/04/14 02:39:38 [emerg] 1#1: host not found in upstream "node-back:3000" in /etc/nginx/conf.d/default.conf:6
2021/04/14 02:39:50 [emerg] 1#1: host not found in upstream "node-back:3000" in /etc/nginx/conf.d/default.conf:6
2021/04/14 02:40:01 [emerg] 1#1: host not found in upstream "node-back:3000" in /etc/nginx/conf.d/default.conf:6
2021/04/14 02:40:13 [emerg] 1#1: host not found in upstream "node-back:3000" in /etc/nginx/conf.d/default.conf:6
2021/04/14 02:40:25 [emerg] 1#1: host not found in upstream "node-back:3000" in /etc/nginx/conf.d/default.conf:6
2021/04/14 02:40:37 [emerg] 1#1: host not found in upstream "node-back:3000" in /etc/nginx/conf.d/default.conf:6
2021/04/14 02:40:49 [emerg] 1#1: host not found in upstream "node-back:3000" in /etc/nginx/conf.d/default.conf:6
2021/04/14 02:41:00 [emerg] 1#1: host not found in upstream "node-back:3000" in /etc/nginx/conf.d/default.conf:6
2021/04/14 02:41:12 [emerg] 1#1: host not found in upstream "node-back:3000" in /etc/nginx/conf.d/default.conf:6
2021/04/14 02:41:24 [emerg] 1#1: host not found in upstream "node-back:3000" in /etc/nginx/conf.d/default.conf:6
2021/04/14 02:41:36 [emerg] 1#1: host not found in upstream "node-back:3000" in /etc/nginx/conf.d/default.conf:6
2021/04/14 02:41:48 [emerg] 1#1: host not found in upstream "node-back:3000" in /etc/nginx/conf.d/default.conf:6
2021/04/14 02:41:59 [emerg] 1#1: host not found in upstream "node-back:3000" in /etc/nginx/conf.d/default.conf:6
2021/04/14 02:42:11 [emerg] 1#1: host not found in upstream "node-back:3000" in /etc/nginx/conf.d/default.conf:6
2021/04/14 02:42:23 [emerg] 1#1: host not found in upstream "node-back:3000" in /etc/nginx/conf.d/default.conf:6
2021/04/14 02:42:35 [emerg] 1#1: host not found in upstream "node-back:3000" in /etc/nginx/conf.d/default.conf:6
2021/04/14 02:42:47 [emerg] 1#1: host not found in upstream "node-back:3000" in /etc/nginx/conf.d/default.conf:6
2021/04/14 02:42:58 [emerg] 1#1: host not found in upstream "node-back:3000" in /etc/nginx/conf.d/default.conf:6
2021/04/14 02:43:10 [emerg] 1#1: host not found in upstream "node-back:3000" in /etc/nginx/conf.d/default.conf:6
2021/04/14 02:43:22 [emerg] 1#1: host not found in upstream "node-back:3000" in /etc/nginx/conf.d/default.conf:6
2021/04/14 02:43:34 [emerg] 1#1: host not found in upstream "node-back:3000" in /etc/nginx/conf.d/default.conf:6
2021/04/14 02:43:46 [emerg] 1#1: host not found in upstream "node-back:3000" in /etc/nginx/conf.d/default.conf:6
2021/04/14 02:43:58 [emerg] 1#1: host not found in upstream "node-back:3000" in /etc/nginx/conf.d/default.conf:6
2021/04/14 02:44:09 [emerg] 1#1: host not found in upstream "node-back:3000" in /etc/nginx/conf.d/default.conf:6
2021/04/14 02:44:21 [emerg] 1#1: host not found in upstream "node-back:3000" in /etc/nginx/conf.d/default.conf:6
2021/04/14 02:44:33 [emerg] 1#1: host not found in upstream "node-back:3000" in /etc/nginx/conf.d/default.conf:6
2021/04/14 02:44:45 [emerg] 1#1: host not found in upstream "node-back:3000" in /etc/nginx/conf.d/default.conf:6
2021/04/14 02:44:57 [emerg] 1#1: host not found in upstream "node-back:3000" in /etc/nginx/conf.d/default.conf:6
2021/04/14 02:45:08 [emerg] 1#1: host not found in upstream "node-back:3000" in /etc/nginx/conf.d/default.conf:6
2021/04/14 02:45:20 [emerg] 1#1: host not found in upstream "node-back:3000" in /etc/nginx/conf.d/default.conf:6
2021/04/14 02:45:32 [emerg] 1#1: host not found in upstream "node-back:3000" in /etc/nginx/conf.d/default.conf:6
2021/04/14 02:45:44 [emerg] 1#1: host not found in upstream "node-back:3000" in /etc/nginx/conf.d/default.conf:6
2021/04/14 02:45:55 [emerg] 1#1: host not found in upstream "node-back:3000" in /etc/nginx/conf.d/default.conf:6
2021/04/14 02:46:07 [emerg] 1#1: host not found in upstream "node-back:3000" in /etc/nginx/conf.d/default.conf:6
2021/04/14 02:46:19 [emerg] 1#1: host not found in upstream "node-back:3000" in /etc/nginx/conf.d/default.conf:6
2021/04/14 02:46:31 [emerg] 1#1: host not found in upstream "node-back:3000" in /etc/nginx/conf.d/default.conf:6
2021/04/14 02:46:42 [emerg] 1#1: host not found in upstream "node-back:3000" in /etc/nginx/conf.d/default.conf:6
2021/04/14 02:46:55 [emerg] 1#1: host not found in upstream "node-back:3000" in /etc/nginx/conf.d/default.conf:6
2021/04/14 02:47:06 [emerg] 1#1: host not found in upstream "node-back:3000" in /etc/nginx/conf.d/default.conf:6
2021/04/14 02:47:18 [emerg] 1#1: host not found in upstream "node-back:3000" in /etc/nginx/conf.d/default.conf:6
2021/04/14 02:47:30 [emerg] 1#1: host not found in upstream "node-back:3000" in /etc/nginx/conf.d/default.conf:6
2021/04/14 02:47:42 [emerg] 1#1: host not found in upstream "node-back:3000" in /etc/nginx/conf.d/default.conf:6
2021/04/14 02:47:54 [emerg] 1#1: host not found in upstream "node-back:3000" in /etc/nginx/conf.d/default.conf:6
2021/04/14 02:48:06 [emerg] 1#1: host not found in upstream "node-back:3000" in /etc/nginx/conf.d/default.conf:6
2021/04/14 02:48:18 [emerg] 1#1: host not found in upstream "node-back:3000" in /etc/nginx/conf.d/default.conf:6
2021/04/14 02:48:29 [emerg] 1#1: host not found in upstream "node-back:3000" in /etc/nginx/conf.d/default.conf:6
2021/04/14 02:48:41 [emerg] 1#1: host not found in upstream "node-back:3000" in /etc/nginx/conf.d/default.conf:6
2021/04/14 02:48:53 [emerg] 1#1: host not found in upstream "node-back:3000" in /etc/nginx/conf.d/default.conf:6
2021/04/14 02:49:05 [emerg] 1#1: host not found in upstream "node-back:3000" in /etc/nginx/conf.d/default.conf:6
2021/04/14 02:49:17 [emerg] 1#1: host not found in upstream "node-back:3000" in /etc/nginx/conf.d/default.conf:6
2021/04/14 02:49:28 [emerg] 1#1: host not found in upstream "node-back:3000" in /etc/nginx/conf.d/default.conf:6
2021/04/14 02:49:40 [emerg] 1#1: host not found in upstream "node-back:3000" in /etc/nginx/conf.d/default.conf:6
2021/04/14 02:49:52 [emerg] 1#1: host not found in upstream "node-back:3000" in /etc/nginx/conf.d/default.conf:6
2021/04/14 02:50:04 [emerg] 1#1: host not found in upstream "node-back:3000" in /etc/nginx/conf.d/default.conf:6
2021/04/14 02:50:16 [emerg] 1#1: host not found in upstream "node-back:3000" in /etc/nginx/conf.d/default.conf:6
2021/04/14 02:50:27 [emerg] 1#1: host not found in upstream "node-back:3000" in /etc/nginx/conf.d/default.conf:6
2021/04/14 02:50:39 [emerg] 1#1: host not found in upstream "node-back:3000" in /etc/nginx/conf.d/default.conf:6
2021/04/14 02:50:51 [emerg] 1#1: host not found in upstream "node-back:3000" in /etc/nginx/conf.d/default.conf:6
2021/04/14 02:51:03 [emerg] 1#1: host not found in upstream "node-back:3000" in /etc/nginx/conf.d/default.conf:6
2021/04/14 02:51:15 [emerg] 1#1: host not found in upstream "node-back:3000" in /etc/nginx/conf.d/default.conf:6
2021/04/14 02:51:26 [emerg] 1#1: host not found in upstream "node-back:3000" in /etc/nginx/conf.d/default.conf:6
2021/04/14 02:51:38 [emerg] 1#1: host not found in upstream "node-back:3000" in /etc/nginx/conf.d/default.conf:6
2021/04/14 02:51:50 [emerg] 1#1: host not found in upstream "node-back:3000" in /etc/nginx/conf.d/default.conf:6
2021/04/14 02:52:02 [emerg] 1#1: host not found in upstream "node-back:3000" in /etc/nginx/conf.d/default.conf:6
2021/04/14 02:52:14 [emerg] 1#1: host not found in upstream "node-back:3000" in /etc/nginx/conf.d/default.conf:6
2021/04/14 02:52:26 [emerg] 1#1: host not found in upstream "node-back:3000" in /etc/nginx/conf.d/default.conf:6
2021/04/14 02:52:38 [emerg] 1#1: host not found in upstream "node-back:3000" in /etc/nginx/conf.d/default.conf:6
2021/04/14 02:52:49 [emerg] 1#1: host not found in upstream "node-back:3000" in /etc/nginx/conf.d/default.conf:6
2021/04/14 02:53:01 [emerg] 1#1: host not found in upstream "node-back:3000" in /etc/nginx/conf.d/default.conf:6
2021/04/14 02:53:13 [emerg] 1#1: host not found in upstream "node-back:3000" in /etc/nginx/conf.d/default.conf:6
2021/04/14 02:53:25 [emerg] 1#1: host not found in upstream "node-back:3000" in /etc/nginx/conf.d/default.conf:6
2021/04/14 02:53:37 [emerg] 1#1: host not found in upstream "node-back:3000" in /etc/nginx/conf.d/default.conf:6
2021/04/14 02:53:49 [emerg] 1#1: host not found in upstream "node-back:3000" in /etc/nginx/conf.d/default.conf:6
2021/04/14 02:54:00 [emerg] 1#1: host not found in upstream "node-back:3000" in /etc/nginx/conf.d/default.conf:6
2021/04/14 02:54:12 [emerg] 1#1: host not found in upstream "node-back:3000" in /etc/nginx/conf.d/default.conf:6
2021/04/14 02:54:25 [emerg] 1#1: host not found in upstream "node-back:3000" in /etc/nginx/conf.d/default.conf:6
2021/04/14 02:54:36 [emerg] 1#1: host not found in upstream "node-back:3000" in /etc/nginx/conf.d/default.conf:6
2021/04/14 02:54:48 [emerg] 1#1: host not found in upstream "node-back:3000" in /etc/nginx/conf.d/default.conf:6
2021/04/14 02:55:00 [emerg] 1#1: host not found in upstream "node-back:3000" in /etc/nginx/conf.d/default.conf:6
2021/04/14 02:55:12 [emerg] 1#1: host not found in upstream "node-back:3000" in /etc/nginx/conf.d/default.conf:6
2021/04/14 02:55:24 [emerg] 1#1: host not found in upstream "node-back:3000" in /etc/nginx/conf.d/default.conf:6
2021/04/14 02:55:35 [emerg] 1#1: host not found in upstream "node-back:3000" in /etc/nginx/conf.d/default.conf:6
2021/04/14 02:55:47 [emerg] 1#1: host not found in upstream "node-back:3000" in /etc/nginx/conf.d/default.conf:6
2021/04/14 02:55:59 [emerg] 1#1: host not found in upstream "node-back:3000" in /etc/nginx/conf.d/default.conf:6
2021/04/14 02:56:11 [emerg] 1#1: host not found in upstream "node-back:3000" in /etc/nginx/conf.d/default.conf:6
2021/04/14 02:56:23 [emerg] 1#1: host not found in upstream "node-back:3000" in /etc/nginx/conf.d/default.conf:6
2021/04/14 02:56:35 [emerg] 1#1: host not found in upstream "node-back:3000" in /etc/nginx/conf.d/default.conf:6
2021/04/14 02:56:47 [emerg] 1#1: host not found in upstream "node-back:3000" in /etc/nginx/conf.d/default.conf:6
2021/04/14 02:56:58 [emerg] 1#1: host not found in upstream "node-back:3000" in /etc/nginx/conf.d/default.conf:6
2021/04/14 02:57:10 [emerg] 1#1: host not found in upstream "node-back:3000" in /etc/nginx/conf.d/default.conf:6
2021/04/14 02:57:22 [emerg] 1#1: host not found in upstream "node-back:3000" in /etc/nginx/conf.d/default.conf:6
2021/04/14 02:57:34 [emerg] 1#1: host not found in upstream "node-back:3000" in /etc/nginx/conf.d/default.conf:6
2021/04/14 02:57:46 [emerg] 1#1: host not found in upstream "node-back:3000" in /etc/nginx/conf.d/default.conf:6
2021/04/14 02:57:58 [emerg] 1#1: host not found in upstream "node-back:3000" in /etc/nginx/conf.d/default.conf:6
2021/04/14 02:58:09 [emerg] 1#1: host not found in upstream "node-back:3000" in /etc/nginx/conf.d/default.conf:6
2021/04/14 02:58:21 [emerg] 1#1: host not found in upstream "node-back:3000" in /etc/nginx/conf.d/default.conf:6
2021/04/14 02:58:33 [emerg] 1#1: host not found in upstream "node-back:3000" in /etc/nginx/conf.d/default.conf:6
2021/04/14 02:58:45 [emerg] 1#1: host not found in upstream "node-back:3000" in /etc/nginx/conf.d/default.conf:6
2021/04/14 02:58:57 [emerg] 1#1: host not found in upstream "node-back:3000" in /etc/nginx/conf.d/default.conf:6
2021/04/14 02:59:09 [emerg] 1#1: host not found in upstream "node-back:3000" in /etc/nginx/conf.d/default.conf:6
2021/04/14 02:59:20 [emerg] 1#1: host not found in upstream "node-back:3000" in /etc/nginx/conf.d/default.conf:6
2021/04/14 02:59:32 [emerg] 1#1: host not found in upstream "node-back:3000" in /etc/nginx/conf.d/default.conf:6
2021/04/14 02:59:44 [emerg] 1#1: host not found in upstream "node-back:3000" in /etc/nginx/conf.d/default.conf:6
2021/04/14 02:59:56 [emerg] 1#1: host not found in upstream "node-back:3000" in /etc/nginx/conf.d/default.conf:6
2021/04/14 03:00:08 [emerg] 1#1: host not found in upstream "node-back:3000" in /etc/nginx/conf.d/default.conf:6
2021/04/14 03:00:20 [emerg] 1#1: host not found in upstream "node-back:3000" in /etc/nginx/conf.d/default.conf:6
2021/04/14 03:00:32 [emerg] 1#1: host not found in upstream "node-back:3000" in /etc/nginx/conf.d/default.conf:6
2021/04/14 03:00:43 [emerg] 1#1: host not found in upstream "node-back:3000" in /etc/nginx/conf.d/default.conf:6
2021/04/14 03:00:55 [emerg] 1#1: host not found in upstream "node-back:3000" in /etc/nginx/conf.d/default.conf:6
2021/04/14 03:01:07 [emerg] 1#1: host not found in upstream "node-back:3000" in /etc/nginx/conf.d/default.conf:6
2021/04/14 03:01:19 [emerg] 1#1: host not found in upstream "node-back:3000" in /etc/nginx/conf.d/default.conf:6
2021/04/14 03:01:31 [emerg] 1#1: host not found in upstream "node-back:3000" in /etc/nginx/conf.d/default.conf:6
2021/04/14 03:01:43 [emerg] 1#1: host not found in upstream "node-back:3000" in /etc/nginx/conf.d/default.conf:6
2021/04/14 03:01:54 [emerg] 1#1: host not found in upstream "node-back:3000" in /etc/nginx/conf.d/default.conf:6
2021/04/14 03:02:06 [emerg] 1#1: host not found in upstream "node-back:3000" in /etc/nginx/conf.d/default.conf:6
2021/04/14 03:02:18 [emerg] 1#1: host not found in upstream "node-back:3000" in /etc/nginx/conf.d/default.conf:6
2021/04/14 03:02:30 [emerg] 1#1: host not found in upstream "node-back:3000" in /etc/nginx/conf.d/default.conf:6
2021/04/14 03:02:42 [emerg] 1#1: host not found in upstream "node-back:3000" in /etc/nginx/conf.d/default.conf:6
2021/04/14 03:02:53 [emerg] 1#1: host not found in upstream "node-back:3000" in /etc/nginx/conf.d/default.conf:6
2021/04/14 03:03:05 [emerg] 1#1: host not found in upstream "node-back:3000" in /etc/nginx/conf.d/default.conf:6
2021/04/14 03:03:17 [emerg] 1#1: host not found in upstream "node-back:3000" in /etc/nginx/conf.d/default.conf:6
2021/04/14 03:03:29 [emerg] 1#1: host not found in upstream "node-back:3000" in /etc/nginx/conf.d/default.conf:6
2021/04/14 03:03:41 [emerg] 1#1: host not found in upstream "node-back:3000" in /etc/nginx/conf.d/default.conf:6
2021/04/14 03:03:53 [emerg] 1#1: host not found in upstream "node-back:3000" in /etc/nginx/conf.d/default.conf:6
2021/04/14 03:04:05 [emerg] 1#1: host not found in upstream "node-back:3000" in /etc/nginx/conf.d/default.conf:6
2021/04/14 03:04:16 [emerg] 1#1: host not found in upstream "node-back:3000" in /etc/nginx/conf.d/default.conf:6
2021/04/14 03:04:28 [emerg] 1#1: host not found in upstream "node-back:3000" in /etc/nginx/conf.d/default.conf:6
2021/04/14 03:04:41 [emerg] 1#1: host not found in upstream "node-back:3000" in /etc/nginx/conf.d/default.conf:6
2021/04/14 03:04:54 [emerg] 1#1: host not found in upstream "node-back:3000" in /etc/nginx/conf.d/default.conf:6
2021/04/14 03:05:05 [emerg] 1#1: host not found in upstream "node-back:3000" in /etc/nginx/conf.d/default.conf:6
2021/04/14 03:05:17 [emerg] 1#1: host not found in upstream "node-back:3000" in /etc/nginx/conf.d/default.conf:6
2021/04/14 03:05:29 [emerg] 1#1: host not found in upstream "node-back:3000" in /etc/nginx/conf.d/default.conf:6
2021/04/14 03:05:41 [emerg] 1#1: host not found in upstream "node-back:3000" in /etc/nginx/conf.d/default.conf:6
2021/04/14 03:05:53 [emerg] 1#1: host not found in upstream "node-back:3000" in /etc/nginx/conf.d/default.conf:6
2021/04/14 03:06:05 [emerg] 1#1: host not found in upstream "node-back:3000" in /etc/nginx/conf.d/default.conf:6
2021/04/14 03:06:17 [emerg] 1#1: host not found in upstream "node-back:3000" in /etc/nginx/conf.d/default.conf:6
2021/04/14 03:06:29 [emerg] 1#1: host not found in upstream "node-back:3000" in /etc/nginx/conf.d/default.conf:6
2021/04/14 03:06:40 [emerg] 1#1: host not found in upstream "node-back:3000" in /etc/nginx/conf.d/default.conf:6
2021/04/14 03:06:53 [emerg] 1#1: host not found in upstream "node-back:3000" in /etc/nginx/conf.d/default.conf:6
2021/04/14 03:07:05 [emerg] 1#1: host not found in upstream "node-back:3000" in /etc/nginx/conf.d/default.conf:6
2021/04/14 03:07:16 [emerg] 1#1: host not found in upstream "node-back:3000" in /etc/nginx/conf.d/default.conf:6
2021/04/14 03:07:28 [emerg] 1#1: host not found in upstream "node-back:3000" in /etc/nginx/conf.d/default.conf:6
2021/04/14 03:07:40 [emerg] 1#1: host not found in upstream "node-back:3000" in /etc/nginx/conf.d/default.conf:6
2021/04/14 03:07:52 [emerg] 1#1: host not found in upstream "node-back:3000" in /etc/nginx/conf.d/default.conf:6
2021/04/14 03:08:51 [error] 31#31: *2 upstream prematurely closed connection while reading response header from upstream, client: 172.20.0.1, server: , request: "GET /api/todos HTTP/1.1", upstream: "http://172.20.0.6:3000/api/todos", host: "localhost"
2021/04/14 04:41:24 [emerg] 1#1: host not found in upstream "react-front:3000" in /etc/nginx/conf.d/default.conf:2
2021/04/14 04:41:36 [emerg] 1#1: host not found in upstream "react-front:3000" in /etc/nginx/conf.d/default.conf:2
2021/04/14 04:41:50 [emerg] 1#1: host not found in upstream "react-front:3000" in /etc/nginx/conf.d/default.conf:2
2021/04/14 04:42:04 [emerg] 1#1: host not found in upstream "react-front:3000" in /etc/nginx/conf.d/default.conf:2
2021/04/14 04:42:17 [emerg] 1#1: host not found in upstream "node-back:3000" in /etc/nginx/conf.d/default.conf:6
2021/04/14 04:42:30 [emerg] 1#1: host not found in upstream "node-back:3000" in /etc/nginx/conf.d/default.conf:6
2021/04/14 04:42:42 [emerg] 1#1: host not found in upstream "node-back:3000" in /etc/nginx/conf.d/default.conf:6
2021/04/14 04:42:54 [emerg] 1#1: host not found in upstream "node-back:3000" in /etc/nginx/conf.d/default.conf:6
2021/04/14 04:43:06 [emerg] 1#1: host not found in upstream "node-back:3000" in /etc/nginx/conf.d/default.conf:6
2021/04/14 04:43:18 [emerg] 1#1: host not found in upstream "node-back:3000" in /etc/nginx/conf.d/default.conf:6
2021/04/14 04:43:30 [emerg] 1#1: host not found in upstream "node-back:3000" in /etc/nginx/conf.d/default.conf:6
2021/04/14 04:43:42 [emerg] 1#1: host not found in upstream "node-back:3000" in /etc/nginx/conf.d/default.conf:6
2021/04/14 04:45:53 [emerg] 1#1: host not found in upstream "react-front:3000" in /etc/nginx/conf.d/default.conf:2
2021/04/14 04:46:06 [emerg] 1#1: host not found in upstream "react-front:3000" in /etc/nginx/conf.d/default.conf:2
2021/04/14 04:46:22 [emerg] 1#1: host not found in upstream "react-front:3000" in /etc/nginx/conf.d/default.conf:2
2021/04/14 04:46:35 [emerg] 1#1: host not found in upstream "node-back:3000" in /etc/nginx/conf.d/default.conf:6
2021/04/14 04:46:48 [emerg] 1#1: host not found in upstream "node-back:3000" in /etc/nginx/conf.d/default.conf:6
2021/04/14 04:47:00 [emerg] 1#1: host not found in upstream "node-back:3000" in /etc/nginx/conf.d/default.conf:6
2021/04/14 04:47:12 [emerg] 1#1: host not found in upstream "node-back:3000" in /etc/nginx/conf.d/default.conf:6
2021/04/14 04:47:24 [emerg] 1#1: host not found in upstream "node-back:3000" in /etc/nginx/conf.d/default.conf:6
2021/04/14 04:48:37 [emerg] 1#1: host not found in upstream "node-back:3000" in /etc/nginx/conf.d/default.conf:6
2021/04/14 04:48:49 [emerg] 1#1: host not found in upstream "node-back:3000" in /etc/nginx/conf.d/default.conf:6
2021/04/14 04:51:19 [emerg] 1#1: host not found in upstream "react-front:3000" in /etc/nginx/conf.d/default.conf:2
2021/04/14 04:51:35 [emerg] 1#1: host not found in upstream "react-front:3000" in /etc/nginx/conf.d/default.conf:2
2021/04/14 04:51:49 [emerg] 1#1: host not found in upstream "react-front:3000" in /etc/nginx/conf.d/default.conf:2
2021/04/14 04:52:04 [emerg] 1#1: host not found in upstream "node-back:3000" in /etc/nginx/conf.d/default.conf:6
2021/04/14 04:52:17 [emerg] 1#1: host not found in upstream "node-back:3000" in /etc/nginx/conf.d/default.conf:6
2021/04/14 04:52:29 [emerg] 1#1: host not found in upstream "node-back:3000" in /etc/nginx/conf.d/default.conf:6
2021/04/14 04:52:41 [emerg] 1#1: host not found in upstream "node-back:3000" in /etc/nginx/conf.d/default.conf:6
2021/04/14 04:52:53 [emerg] 1#1: host not found in upstream "node-back:3000" in /etc/nginx/conf.d/default.conf:6
2021/04/14 04:53:05 [emerg] 1#1: host not found in upstream "node-back:3000" in /etc/nginx/conf.d/default.conf:6
2021/04/14 04:53:17 [emerg] 1#1: host not found in upstream "node-back:3000" in /etc/nginx/conf.d/default.conf:6
2021/04/14 04:53:29 [emerg] 1#1: host not found in upstream "node-back:3000" in /etc/nginx/conf.d/default.conf:6
2021/04/14 04:53:41 [emerg] 1#1: host not found in upstream "node-back:3000" in /etc/nginx/conf.d/default.conf:6
2021/04/14 04:53:53 [emerg] 1#1: host not found in upstream "node-back:3000" in /etc/nginx/conf.d/default.conf:6
2021/04/14 04:54:05 [emerg] 1#1: host not found in upstream "node-back:3000" in /etc/nginx/conf.d/default.conf:6
2021/04/14 04:54:17 [emerg] 1#1: host not found in upstream "node-back:3000" in /etc/nginx/conf.d/default.conf:6
2021/04/14 04:54:29 [emerg] 1#1: host not found in upstream "node-back:3000" in /etc/nginx/conf.d/default.conf:6
2021/04/14 04:54:41 [emerg] 1#1: host not found in upstream "node-back:3000" in /etc/nginx/conf.d/default.conf:6
2021/04/14 04:54:53 [emerg] 1#1: host not found in upstream "node-back:3000" in /etc/nginx/conf.d/default.conf:6
2021/04/14 04:55:05 [emerg] 1#1: host not found in upstream "node-back:3000" in /etc/nginx/conf.d/default.conf:6
2021/04/14 04:55:17 [emerg] 1#1: host not found in upstream "react-front:3000" in /etc/nginx/conf.d/default.conf:2
2021/04/14 04:55:56 [emerg] 1#1: host not found in upstream "node-back:3000" in /etc/nginx/conf.d/default.conf:6
2021/04/14 04:56:13 [emerg] 1#1: host not found in upstream "node-back:3000" in /etc/nginx/conf.d/default.conf:6
2021/04/14 04:56:25 [emerg] 1#1: host not found in upstream "node-back:3000" in /etc/nginx/conf.d/default.conf:6
2021/04/14 04:56:37 [emerg] 1#1: host not found in upstream "node-back:3000" in /etc/nginx/conf.d/default.conf:6
2021/04/14 04:56:49 [emerg] 1#1: host not found in upstream "node-back:3000" in /etc/nginx/conf.d/default.conf:6
2021/04/14 04:57:01 [emerg] 1#1: host not found in upstream "node-back:3000" in /etc/nginx/conf.d/default.conf:6
2021/04/14 04:57:13 [emerg] 1#1: host not found in upstream "node-back:3000" in /etc/nginx/conf.d/default.conf:6
2021/04/14 04:57:25 [emerg] 1#1: host not found in upstream "node-back:3000" in /etc/nginx/conf.d/default.conf:6
2021/04/14 04:57:36 [emerg] 1#1: host not found in upstream "node-back:3000" in /etc/nginx/conf.d/default.conf:6
2021/04/14 04:57:48 [emerg] 1#1: host not found in upstream "node-back:3000" in /etc/nginx/conf.d/default.conf:6
2021/04/14 04:58:00 [emerg] 1#1: host not found in upstream "node-back:3000" in /etc/nginx/conf.d/default.conf:6
2021/04/14 04:58:12 [emerg] 1#1: host not found in upstream "node-back:3000" in /etc/nginx/conf.d/default.conf:6
2021/04/14 04:58:24 [emerg] 1#1: host not found in upstream "node-back:3000" in /etc/nginx/conf.d/default.conf:6
2021/04/14 04:58:35 [emerg] 1#1: host not found in upstream "node-back:3000" in /etc/nginx/conf.d/default.conf:6
2021/04/14 04:58:47 [emerg] 1#1: host not found in upstream "node-back:3000" in /etc/nginx/conf.d/default.conf:6
2021/04/14 04:58:59 [emerg] 1#1: host not found in upstream "node-back:3000" in /etc/nginx/conf.d/default.conf:6
2021/04/14 04:59:12 [emerg] 1#1: host not found in upstream "node-back:3000" in /etc/nginx/conf.d/default.conf:6
2021/04/14 04:59:23 [emerg] 1#1: host not found in upstream "node-back:3000" in /etc/nginx/conf.d/default.conf:6
2021/04/14 04:59:35 [emerg] 1#1: host not found in upstream "node-back:3000" in /etc/nginx/conf.d/default.conf:6
2021/04/14 04:59:47 [emerg] 1#1: host not found in upstream "node-back:3000" in /etc/nginx/conf.d/default.conf:6
2021/04/14 04:59:59 [emerg] 1#1: host not found in upstream "node-back:3000" in /etc/nginx/conf.d/default.conf:6
2021/04/14 05:00:11 [emerg] 1#1: host not found in upstream "node-back:3000" in /etc/nginx/conf.d/default.conf:6
2021/04/14 05:00:23 [emerg] 1#1: host not found in upstream "node-back:3000" in /etc/nginx/conf.d/default.conf:6
2021/04/14 05:00:34 [emerg] 1#1: host not found in upstream "node-back:3000" in /etc/nginx/conf.d/default.conf:6
2021/04/14 05:00:46 [emerg] 1#1: host not found in upstream "node-back:3000" in /etc/nginx/conf.d/default.conf:6
2021/04/14 05:00:58 [emerg] 1#1: host not found in upstream "node-back:3000" in /etc/nginx/conf.d/default.conf:6
2021/04/14 05:01:10 [emerg] 1#1: host not found in upstream "node-back:3000" in /etc/nginx/conf.d/default.conf:6
2021/04/14 05:01:22 [emerg] 1#1: host not found in upstream "node-back:3000" in /etc/nginx/conf.d/default.conf:6
2021/04/14 05:01:34 [emerg] 1#1: host not found in upstream "node-back:3000" in /etc/nginx/conf.d/default.conf:6
2021/04/14 05:01:46 [emerg] 1#1: host not found in upstream "node-back:3000" in /etc/nginx/conf.d/default.conf:6
2021/04/14 05:01:58 [emerg] 1#1: host not found in upstream "node-back:3000" in /etc/nginx/conf.d/default.conf:6
2021/04/14 05:02:09 [emerg] 1#1: host not found in upstream "node-back:3000" in /etc/nginx/conf.d/default.conf:6
2021/04/14 05:02:21 [emerg] 1#1: host not found in upstream "node-back:3000" in /etc/nginx/conf.d/default.conf:6
2021/04/14 05:02:33 [emerg] 1#1: host not found in upstream "node-back:3000" in /etc/nginx/conf.d/default.conf:6
2021/04/14 05:02:45 [emerg] 1#1: host not found in upstream "node-back:3000" in /etc/nginx/conf.d/default.conf:6
2021/04/14 05:02:57 [emerg] 1#1: host not found in upstream "node-back:3000" in /etc/nginx/conf.d/default.conf:6
2021/04/14 05:03:08 [emerg] 1#1: host not found in upstream "node-back:3000" in /etc/nginx/conf.d/default.conf:6
2021/04/14 05:03:20 [emerg] 1#1: host not found in upstream "node-back:3000" in /etc/nginx/conf.d/default.conf:6
2021/04/14 05:03:32 [emerg] 1#1: host not found in upstream "node-back:3000" in /etc/nginx/conf.d/default.conf:6
2021/04/14 05:03:44 [emerg] 1#1: host not found in upstream "node-back:3000" in /etc/nginx/conf.d/default.conf:6
2021/04/14 05:03:56 [emerg] 1#1: host not found in upstream "node-back:3000" in /etc/nginx/conf.d/default.conf:6
2021/04/14 05:04:07 [emerg] 1#1: host not found in upstream "node-back:3000" in /etc/nginx/conf.d/default.conf:6
2021/04/14 05:04:19 [emerg] 1#1: host not found in upstream "node-back:3000" in /etc/nginx/conf.d/default.conf:6
2021/04/14 05:04:31 [emerg] 1#1: host not found in upstream "node-back:3000" in /etc/nginx/conf.d/default.conf:6
2021/04/14 05:04:43 [emerg] 1#1: host not found in upstream "node-back:3000" in /etc/nginx/conf.d/default.conf:6
2021/04/14 05:04:55 [emerg] 1#1: host not found in upstream "node-back:3000" in /etc/nginx/conf.d/default.conf:6
2021/04/14 05:05:07 [emerg] 1#1: host not found in upstream "node-back:3000" in /etc/nginx/conf.d/default.conf:6
2021/04/14 05:05:18 [emerg] 1#1: host not found in upstream "node-back:3000" in /etc/nginx/conf.d/default.conf:6
2021/04/14 05:05:30 [emerg] 1#1: host not found in upstream "node-back:3000" in /etc/nginx/conf.d/default.conf:6
2021/04/14 05:05:42 [emerg] 1#1: host not found in upstream "node-back:3000" in /etc/nginx/conf.d/default.conf:6
2021/04/14 05:05:54 [emerg] 1#1: host not found in upstream "node-back:3000" in /etc/nginx/conf.d/default.conf:6
2021/04/14 05:06:07 [emerg] 1#1: host not found in upstream "node-back:3000" in /etc/nginx/conf.d/default.conf:6
2021/04/14 05:06:19 [emerg] 1#1: host not found in upstream "node-back:3000" in /etc/nginx/conf.d/default.conf:6
2021/04/14 05:06:31 [emerg] 1#1: host not found in upstream "node-back:3000" in /etc/nginx/conf.d/default.conf:6
2021/04/14 05:06:43 [emerg] 1#1: host not found in upstream "node-back:3000" in /etc/nginx/conf.d/default.conf:6
2021/04/14 05:06:54 [emerg] 1#1: host not found in upstream "node-back:3000" in /etc/nginx/conf.d/default.conf:6
2021/04/14 05:07:06 [emerg] 1#1: host not found in upstream "node-back:3000" in /etc/nginx/conf.d/default.conf:6
2021/04/14 05:07:18 [emerg] 1#1: host not found in upstream "node-back:3000" in /etc/nginx/conf.d/default.conf:6
2021/04/14 05:07:30 [emerg] 1#1: host not found in upstream "node-back:3000" in /etc/nginx/conf.d/default.conf:6
2021/04/14 05:07:42 [emerg] 1#1: host not found in upstream "node-back:3000" in /etc/nginx/conf.d/default.conf:6
2021/04/14 05:07:54 [emerg] 1#1: host not found in upstream "node-back:3000" in /etc/nginx/conf.d/default.conf:6
2021/04/14 05:08:06 [emerg] 1#1: host not found in upstream "node-back:3000" in /etc/nginx/conf.d/default.conf:6
2021/04/14 05:08:18 [emerg] 1#1: host not found in upstream "node-back:3000" in /etc/nginx/conf.d/default.conf:6
2021/04/14 05:08:29 [emerg] 1#1: host not found in upstream "node-back:3000" in /etc/nginx/conf.d/default.conf:6
2021/04/14 05:08:42 [emerg] 1#1: host not found in upstream "node-back:3000" in /etc/nginx/conf.d/default.conf:6
2021/04/14 05:08:53 [emerg] 1#1: host not found in upstream "node-back:3000" in /etc/nginx/conf.d/default.conf:6
2021/04/14 05:09:06 [emerg] 1#1: host not found in upstream "node-back:3000" in /etc/nginx/conf.d/default.conf:6
2021/04/14 05:09:18 [emerg] 1#1: host not found in upstream "node-back:3000" in /etc/nginx/conf.d/default.conf:6
2021/04/14 05:09:30 [emerg] 1#1: host not found in upstream "node-back:3000" in /etc/nginx/conf.d/default.conf:6
2021/04/14 05:09:42 [emerg] 1#1: host not found in upstream "node-back:3000" in /etc/nginx/conf.d/default.conf:6
2021/04/14 05:09:54 [emerg] 1#1: host not found in upstream "node-back:3000" in /etc/nginx/conf.d/default.conf:6
2021/04/14 05:10:05 [emerg] 1#1: host not found in upstream "node-back:3000" in /etc/nginx/conf.d/default.conf:6
2021/04/14 05:10:17 [emerg] 1#1: host not found in upstream "node-back:3000" in /etc/nginx/conf.d/default.conf:6
2021/04/14 05:10:29 [emerg] 1#1: host not found in upstream "node-back:3000" in /etc/nginx/conf.d/default.conf:6
2021/04/14 05:10:41 [emerg] 1#1: host not found in upstream "node-back:3000" in /etc/nginx/conf.d/default.conf:6
2021/04/14 05:10:53 [emerg] 1#1: host not found in upstream "node-back:3000" in /etc/nginx/conf.d/default.conf:6
2021/04/14 05:11:04 [emerg] 1#1: host not found in upstream "node-back:3000" in /etc/nginx/conf.d/default.conf:6
2021/04/14 05:11:16 [emerg] 1#1: host not found in upstream "node-back:3000" in /etc/nginx/conf.d/default.conf:6
2021/04/14 05:11:28 [emerg] 1#1: host not found in upstream "node-back:3000" in /etc/nginx/conf.d/default.conf:6
2021/04/14 05:11:40 [emerg] 1#1: host not found in upstream "node-back:3000" in /etc/nginx/conf.d/default.conf:6
2021/04/14 05:11:52 [emerg] 1#1: host not found in upstream "node-back:3000" in /etc/nginx/conf.d/default.conf:6
2021/04/14 05:12:03 [emerg] 1#1: host not found in upstream "node-back:3000" in /etc/nginx/conf.d/default.conf:6
2021/04/14 05:12:16 [emerg] 1#1: host not found in upstream "node-back:3000" in /etc/nginx/conf.d/default.conf:6
2021/04/14 05:12:28 [emerg] 1#1: host not found in upstream "node-back:3000" in /etc/nginx/conf.d/default.conf:6
2021/04/14 05:12:40 [emerg] 1#1: host not found in upstream "node-back:3000" in /etc/nginx/conf.d/default.conf:6
2021/04/14 05:12:51 [emerg] 1#1: host not found in upstream "node-back:3000" in /etc/nginx/conf.d/default.conf:6
2021/04/14 05:13:03 [emerg] 1#1: host not found in upstream "node-back:3000" in /etc/nginx/conf.d/default.conf:6
2021/04/14 05:13:15 [emerg] 1#1: host not found in upstream "node-back:3000" in /etc/nginx/conf.d/default.conf:6
2021/04/14 05:13:27 [emerg] 1#1: host not found in upstream "node-back:3000" in /etc/nginx/conf.d/default.conf:6
2021/04/14 05:13:39 [emerg] 1#1: host not found in upstream "node-back:3000" in /etc/nginx/conf.d/default.conf:6
2021/04/14 05:13:50 [emerg] 1#1: host not found in upstream "node-back:3000" in /etc/nginx/conf.d/default.conf:6
2021/04/14 05:14:02 [emerg] 1#1: host not found in upstream "node-back:3000" in /etc/nginx/conf.d/default.conf:6
2021/04/14 05:14:14 [emerg] 1#1: host not found in upstream "node-back:3000" in /etc/nginx/conf.d/default.conf:6
2021/04/14 05:14:26 [emerg] 1#1: host not found in upstream "node-back:3000" in /etc/nginx/conf.d/default.conf:6
2021/04/14 05:14:38 [emerg] 1#1: host not found in upstream "node-back:3000" in /etc/nginx/conf.d/default.conf:6
2021/04/14 05:14:50 [emerg] 1#1: host not found in upstream "node-back:3000" in /etc/nginx/conf.d/default.conf:6
2021/04/14 05:15:01 [emerg] 1#1: host not found in upstream "node-back:3000" in /etc/nginx/conf.d/default.conf:6
2021/04/14 05:15:13 [emerg] 1#1: host not found in upstream "node-back:3000" in /etc/nginx/conf.d/default.conf:6
2021/04/14 05:15:25 [emerg] 1#1: host not found in upstream "node-back:3000" in /etc/nginx/conf.d/default.conf:6
2021/04/14 05:15:37 [emerg] 1#1: host not found in upstream "node-back:3000" in /etc/nginx/conf.d/default.conf:6
2021/04/14 05:15:48 [emerg] 1#1: host not found in upstream "node-back:3000" in /etc/nginx/conf.d/default.conf:6
2021/04/14 05:16:03 [emerg] 1#1: host not found in upstream "node-back:3000" in /etc/nginx/conf.d/default.conf:6
2021/04/14 05:16:14 [emerg] 1#1: host not found in upstream "node-back:3000" in /etc/nginx/conf.d/default.conf:6
2021/04/14 05:16:26 [emerg] 1#1: host not found in upstream "node-back:3000" in /etc/nginx/conf.d/default.conf:6
2021/04/14 05:16:38 [emerg] 1#1: host not found in upstream "node-back:3000" in /etc/nginx/conf.d/default.conf:6
2021/04/14 05:16:50 [emerg] 1#1: host not found in upstream "node-back:3000" in /etc/nginx/conf.d/default.conf:6
2021/04/14 05:17:02 [emerg] 1#1: host not found in upstream "node-back:3000" in /etc/nginx/conf.d/default.conf:6
2021/04/14 05:17:14 [emerg] 1#1: host not found in upstream "node-back:3000" in /etc/nginx/conf.d/default.conf:6
2021/04/14 05:17:26 [emerg] 1#1: host not found in upstream "node-back:3000" in /etc/nginx/conf.d/default.conf:6
2021/04/14 05:17:38 [emerg] 1#1: host not found in upstream "node-back:3000" in /etc/nginx/conf.d/default.conf:6
2021/04/14 05:17:49 [emerg] 1#1: host not found in upstream "node-back:3000" in /etc/nginx/conf.d/default.conf:6
2021/04/14 05:18:01 [emerg] 1#1: host not found in upstream "node-back:3000" in /etc/nginx/conf.d/default.conf:6
2021/04/14 05:18:13 [emerg] 1#1: host not found in upstream "node-back:3000" in /etc/nginx/conf.d/default.conf:6
2021/04/14 05:18:25 [emerg] 1#1: host not found in upstream "node-back:3000" in /etc/nginx/conf.d/default.conf:6
2021/04/14 05:18:36 [emerg] 1#1: host not found in upstream "node-back:3000" in /etc/nginx/conf.d/default.conf:6
2021/04/14 05:18:48 [emerg] 1#1: host not found in upstream "node-back:3000" in /etc/nginx/conf.d/default.conf:6
2021/04/14 05:19:00 [emerg] 1#1: host not found in upstream "node-back:3000" in /etc/nginx/conf.d/default.conf:6
2021/04/14 05:19:12 [emerg] 1#1: host not found in upstream "node-back:3000" in /etc/nginx/conf.d/default.conf:6
2021/04/14 05:19:24 [emerg] 1#1: host not found in upstream "node-back:3000" in /etc/nginx/conf.d/default.conf:6
2021/04/14 05:19:35 [emerg] 1#1: host not found in upstream "node-back:3000" in /etc/nginx/conf.d/default.conf:6
2021/04/14 05:19:47 [emerg] 1#1: host not found in upstream "node-back:3000" in /etc/nginx/conf.d/default.conf:6
2021/04/14 05:19:59 [emerg] 1#1: host not found in upstream "node-back:3000" in /etc/nginx/conf.d/default.conf:6
2021/04/14 05:20:11 [emerg] 1#1: host not found in upstream "node-back:3000" in /etc/nginx/conf.d/default.conf:6
2021/04/14 05:20:23 [emerg] 1#1: host not found in upstream "node-back:3000" in /etc/nginx/conf.d/default.conf:6
2021/04/14 05:20:34 [emerg] 1#1: host not found in upstream "node-back:3000" in /etc/nginx/conf.d/default.conf:6
2021/04/14 05:20:46 [emerg] 1#1: host not found in upstream "node-back:3000" in /etc/nginx/conf.d/default.conf:6
2021/04/14 05:20:58 [emerg] 1#1: host not found in upstream "node-back:3000" in /etc/nginx/conf.d/default.conf:6
2021/04/14 05:21:10 [emerg] 1#1: host not found in upstream "node-back:3000" in /etc/nginx/conf.d/default.conf:6
2021/04/14 05:21:22 [emerg] 1#1: host not found in upstream "node-back:3000" in /etc/nginx/conf.d/default.conf:6
2021/04/14 05:21:34 [emerg] 1#1: host not found in upstream "node-back:3000" in /etc/nginx/conf.d/default.conf:6
2021/04/14 05:21:45 [emerg] 1#1: host not found in upstream "node-back:3000" in /etc/nginx/conf.d/default.conf:6
2021/04/14 05:21:57 [emerg] 1#1: host not found in upstream "node-back:3000" in /etc/nginx/conf.d/default.conf:6
2021/04/14 05:22:09 [emerg] 1#1: host not found in upstream "node-back:3000" in /etc/nginx/conf.d/default.conf:6
2021/04/14 05:22:21 [emerg] 1#1: host not found in upstream "node-back:3000" in /etc/nginx/conf.d/default.conf:6
2021/04/14 05:22:33 [emerg] 1#1: host not found in upstream "node-back:3000" in /etc/nginx/conf.d/default.conf:6
2021/04/14 05:22:45 [emerg] 1#1: host not found in upstream "node-back:3000" in /etc/nginx/conf.d/default.conf:6
2021/04/14 05:22:57 [emerg] 1#1: host not found in upstream "node-back:3000" in /etc/nginx/conf.d/default.conf:6
2021/04/14 05:23:09 [emerg] 1#1: host not found in upstream "node-back:3000" in /etc/nginx/conf.d/default.conf:6
2021/04/14 05:23:21 [emerg] 1#1: host not found in upstream "node-back:3000" in /etc/nginx/conf.d/default.conf:6
2021/04/14 05:23:33 [emerg] 1#1: host not found in upstream "node-back:3000" in /etc/nginx/conf.d/default.conf:6
2021/04/14 05:23:45 [emerg] 1#1: host not found in upstream "node-back:3000" in /etc/nginx/conf.d/default.conf:6
2021/04/14 05:23:56 [emerg] 1#1: host not found in upstream "node-back:3000" in /etc/nginx/conf.d/default.conf:6
2021/04/14 05:24:08 [emerg] 1#1: host not found in upstream "node-back:3000" in /etc/nginx/conf.d/default.conf:6
2021/04/14 05:24:20 [emerg] 1#1: host not found in upstream "node-back:3000" in /etc/nginx/conf.d/default.conf:6
2021/04/14 05:24:32 [emerg] 1#1: host not found in upstream "node-back:3000" in /etc/nginx/conf.d/default.conf:6
2021/04/14 05:24:44 [emerg] 1#1: host not found in upstream "node-back:3000" in /etc/nginx/conf.d/default.conf:6
2021/04/14 05:24:56 [emerg] 1#1: host not found in upstream "node-back:3000" in /etc/nginx/conf.d/default.conf:6
2021/04/14 05:25:08 [emerg] 1#1: host not found in upstream "node-back:3000" in /etc/nginx/conf.d/default.conf:6
2021/04/14 05:25:20 [emerg] 1#1: host not found in upstream "node-back:3000" in /etc/nginx/conf.d/default.conf:6
2021/04/14 05:25:32 [emerg] 1#1: host not found in upstream "node-back:3000" in /etc/nginx/conf.d/default.conf:6
2021/04/14 05:25:43 [emerg] 1#1: host not found in upstream "node-back:3000" in /etc/nginx/conf.d/default.conf:6
2021/04/14 05:25:55 [emerg] 1#1: host not found in upstream "node-back:3000" in /etc/nginx/conf.d/default.conf:6
2021/04/14 05:26:07 [emerg] 1#1: host not found in upstream "node-back:3000" in /etc/nginx/conf.d/default.conf:6
2021/04/14 05:26:19 [emerg] 1#1: host not found in upstream "node-back:3000" in /etc/nginx/conf.d/default.conf:6
2021/04/14 05:26:30 [emerg] 1#1: host not found in upstream "node-back:3000" in /etc/nginx/conf.d/default.conf:6
2021/04/14 05:26:42 [emerg] 1#1: host not found in upstream "node-back:3000" in /etc/nginx/conf.d/default.conf:6
2021/04/14 05:26:54 [emerg] 1#1: host not found in upstream "node-back:3000" in /etc/nginx/conf.d/default.conf:6
2021/04/14 05:27:06 [emerg] 1#1: host not found in upstream "node-back:3000" in /etc/nginx/conf.d/default.conf:6
2021/04/14 05:27:18 [emerg] 1#1: host not found in upstream "node-back:3000" in /etc/nginx/conf.d/default.conf:6
2021/04/14 05:27:29 [emerg] 1#1: host not found in upstream "node-back:3000" in /etc/nginx/conf.d/default.conf:6
2021/04/14 05:27:41 [emerg] 1#1: host not found in upstream "node-back:3000" in /etc/nginx/conf.d/default.conf:6
2021/04/14 05:27:53 [emerg] 1#1: host not found in upstream "node-back:3000" in /etc/nginx/conf.d/default.conf:6
2021/04/14 05:28:05 [emerg] 1#1: host not found in upstream "node-back:3000" in /etc/nginx/conf.d/default.conf:6
2021/04/14 05:28:17 [emerg] 1#1: host not found in upstream "node-back:3000" in /etc/nginx/conf.d/default.conf:6
2021/04/14 05:28:28 [emerg] 1#1: host not found in upstream "node-back:3000" in /etc/nginx/conf.d/default.conf:6
2021/04/14 05:28:40 [emerg] 1#1: host not found in upstream "node-back:3000" in /etc/nginx/conf.d/default.conf:6
2021/04/14 05:28:52 [emerg] 1#1: host not found in upstream "node-back:3000" in /etc/nginx/conf.d/default.conf:6
2021/04/14 05:29:04 [emerg] 1#1: host not found in upstream "node-back:3000" in /etc/nginx/conf.d/default.conf:6
2021/04/14 05:29:16 [emerg] 1#1: host not found in upstream "node-back:3000" in /etc/nginx/conf.d/default.conf:6
2021/04/14 05:29:28 [emerg] 1#1: host not found in upstream "node-back:3000" in /etc/nginx/conf.d/default.conf:6
2021/04/14 05:29:40 [emerg] 1#1: host not found in upstream "node-back:3000" in /etc/nginx/conf.d/default.conf:6
2021/04/14 05:29:51 [emerg] 1#1: host not found in upstream "node-back:3000" in /etc/nginx/conf.d/default.conf:6
2021/04/14 05:30:03 [emerg] 1#1: host not found in upstream "node-back:3000" in /etc/nginx/conf.d/default.conf:6
2021/04/14 05:30:15 [emerg] 1#1: host not found in upstream "node-back:3000" in /etc/nginx/conf.d/default.conf:6
2021/04/14 05:30:27 [emerg] 1#1: host not found in upstream "node-back:3000" in /etc/nginx/conf.d/default.conf:6
2021/04/14 05:30:38 [emerg] 1#1: host not found in upstream "node-back:3000" in /etc/nginx/conf.d/default.conf:6
2021/04/14 05:30:50 [emerg] 1#1: host not found in upstream "node-back:3000" in /etc/nginx/conf.d/default.conf:6
2021/04/14 05:31:02 [emerg] 1#1: host not found in upstream "node-back:3000" in /etc/nginx/conf.d/default.conf:6
2021/04/14 05:31:14 [emerg] 1#1: host not found in upstream "node-back:3000" in /etc/nginx/conf.d/default.conf:6
2021/04/14 05:31:25 [emerg] 1#1: host not found in upstream "node-back:3000" in /etc/nginx/conf.d/default.conf:6
2021/04/14 05:31:37 [emerg] 1#1: host not found in upstream "node-back:3000" in /etc/nginx/conf.d/default.conf:6
2021/04/14 05:31:49 [emerg] 1#1: host not found in upstream "node-back:3000" in /etc/nginx/conf.d/default.conf:6
2021/04/14 05:32:01 [emerg] 1#1: host not found in upstream "node-back:3000" in /etc/nginx/conf.d/default.conf:6
2021/04/14 05:32:13 [emerg] 1#1: host not found in upstream "node-back:3000" in /etc/nginx/conf.d/default.conf:6
2021/04/14 05:32:25 [emerg] 1#1: host not found in upstream "node-back:3000" in /etc/nginx/conf.d/default.conf:6
2021/04/14 05:32:36 [emerg] 1#1: host not found in upstream "node-back:3000" in /etc/nginx/conf.d/default.conf:6
2021/04/14 05:32:48 [emerg] 1#1: host not found in upstream "node-back:3000" in /etc/nginx/conf.d/default.conf:6
2021/04/14 05:33:00 [emerg] 1#1: host not found in upstream "node-back:3000" in /etc/nginx/conf.d/default.conf:6
2021/04/14 05:33:12 [emerg] 1#1: host not found in upstream "node-back:3000" in /etc/nginx/conf.d/default.conf:6
2021/04/14 05:33:24 [emerg] 1#1: host not found in upstream "node-back:3000" in /etc/nginx/conf.d/default.conf:6
2021/04/14 05:33:35 [emerg] 1#1: host not found in upstream "node-back:3000" in /etc/nginx/conf.d/default.conf:6
2021/04/14 05:33:47 [emerg] 1#1: host not found in upstream "node-back:3000" in /etc/nginx/conf.d/default.conf:6
2021/04/14 05:33:59 [emerg] 1#1: host not found in upstream "node-back:3000" in /etc/nginx/conf.d/default.conf:6
2021/04/14 05:34:11 [emerg] 1#1: host not found in upstream "node-back:3000" in /etc/nginx/conf.d/default.conf:6
2021/04/14 05:34:23 [emerg] 1#1: host not found in upstream "node-back:3000" in /etc/nginx/conf.d/default.conf:6
2021/04/14 05:34:35 [emerg] 1#1: host not found in upstream "node-back:3000" in /etc/nginx/conf.d/default.conf:6
2021/04/14 05:34:46 [emerg] 1#1: host not found in upstream "node-back:3000" in /etc/nginx/conf.d/default.conf:6
2021/04/14 05:34:59 [emerg] 1#1: host not found in upstream "node-back:3000" in /etc/nginx/conf.d/default.conf:6
2021/04/14 05:35:10 [emerg] 1#1: host not found in upstream "node-back:3000" in /etc/nginx/conf.d/default.conf:6
2021/04/14 05:35:22 [emerg] 1#1: host not found in upstream "node-back:3000" in /etc/nginx/conf.d/default.conf:6
2021/04/14 05:35:34 [emerg] 1#1: host not found in upstream "node-back:3000" in /etc/nginx/conf.d/default.conf:6
2021/04/14 05:35:46 [emerg] 1#1: host not found in upstream "node-back:3000" in /etc/nginx/conf.d/default.conf:6
2021/04/14 05:35:58 [emerg] 1#1: host not found in upstream "node-back:3000" in /etc/nginx/conf.d/default.conf:6
2021/04/14 05:36:09 [emerg] 1#1: host not found in upstream "node-back:3000" in /etc/nginx/conf.d/default.conf:6
2021/04/14 05:36:22 [emerg] 1#1: host not found in upstream "node-back:3000" in /etc/nginx/conf.d/default.conf:6
2021/04/14 05:36:33 [emerg] 1#1: host not found in upstream "node-back:3000" in /etc/nginx/conf.d/default.conf:6
2021/04/14 05:36:45 [emerg] 1#1: host not found in upstream "node-back:3000" in /etc/nginx/conf.d/default.conf:6
2021/04/14 05:36:57 [emerg] 1#1: host not found in upstream "node-back:3000" in /etc/nginx/conf.d/default.conf:6
2021/04/14 05:37:09 [emerg] 1#1: host not found in upstream "node-back:3000" in /etc/nginx/conf.d/default.conf:6
2021/04/14 05:37:21 [emerg] 1#1: host not found in upstream "node-back:3000" in /etc/nginx/conf.d/default.conf:6
2021/04/14 05:37:32 [emerg] 1#1: host not found in upstream "node-back:3000" in /etc/nginx/conf.d/default.conf:6
2021/04/14 05:37:44 [emerg] 1#1: host not found in upstream "node-back:3000" in /etc/nginx/conf.d/default.conf:6
2021/04/14 05:37:56 [emerg] 1#1: host not found in upstream "node-back:3000" in /etc/nginx/conf.d/default.conf:6
2021/04/14 05:38:08 [emerg] 1#1: host not found in upstream "node-back:3000" in /etc/nginx/conf.d/default.conf:6
2021/04/14 05:38:20 [emerg] 1#1: host not found in upstream "node-back:3000" in /etc/nginx/conf.d/default.conf:6
2021/04/14 05:38:31 [emerg] 1#1: host not found in upstream "node-back:3000" in /etc/nginx/conf.d/default.conf:6
2021/04/14 05:38:43 [emerg] 1#1: host not found in upstream "node-back:3000" in /etc/nginx/conf.d/default.conf:6
2021/04/14 05:38:55 [emerg] 1#1: host not found in upstream "node-back:3000" in /etc/nginx/conf.d/default.conf:6
2021/04/14 05:39:07 [emerg] 1#1: host not found in upstream "node-back:3000" in /etc/nginx/conf.d/default.conf:6
2021/04/14 05:39:19 [emerg] 1#1: host not found in upstream "node-back:3000" in /etc/nginx/conf.d/default.conf:6
2021/04/14 05:39:30 [emerg] 1#1: host not found in upstream "node-back:3000" in /etc/nginx/conf.d/default.conf:6
2021/04/14 05:39:42 [emerg] 1#1: host not found in upstream "node-back:3000" in /etc/nginx/conf.d/default.conf:6
2021/04/14 05:39:54 [emerg] 1#1: host not found in upstream "node-back:3000" in /etc/nginx/conf.d/default.conf:6
2021/04/14 05:40:06 [emerg] 1#1: host not found in upstream "node-back:3000" in /etc/nginx/conf.d/default.conf:6
2021/04/14 05:42:16 [emerg] 1#1: host not found in upstream "react-front:3000" in /etc/nginx/conf.d/default.conf:2
2021/04/14 05:42:31 [emerg] 1#1: host not found in upstream "react-front:3000" in /etc/nginx/conf.d/default.conf:2
2021/04/14 05:42:44 [emerg] 1#1: host not found in upstream "react-front:3000" in /etc/nginx/conf.d/default.conf:2
2021/04/14 05:42:59 [emerg] 1#1: host not found in upstream "react-front:3000" in /etc/nginx/conf.d/default.conf:2
2021/04/14 05:43:12 [emerg] 1#1: host not found in upstream "node-back:3000" in /etc/nginx/conf.d/default.conf:6
2021/04/14 05:43:26 [emerg] 1#1: host not found in upstream "node-back:3000" in /etc/nginx/conf.d/default.conf:6
2021/04/14 05:43:38 [emerg] 1#1: host not found in upstream "node-back:3000" in /etc/nginx/conf.d/default.conf:6
2021/04/14 05:43:50 [emerg] 1#1: host not found in upstream "node-back:3000" in /etc/nginx/conf.d/default.conf:6
2021/04/14 05:44:02 [emerg] 1#1: host not found in upstream "node-back:3000" in /etc/nginx/conf.d/default.conf:6
2021/04/14 05:44:14 [emerg] 1#1: host not found in upstream "node-back:3000" in /etc/nginx/conf.d/default.conf:6
2021/04/14 05:44:26 [emerg] 1#1: host not found in upstream "node-back:3000" in /etc/nginx/conf.d/default.conf:6
2021/04/14 05:44:38 [emerg] 1#1: host not found in upstream "node-back:3000" in /etc/nginx/conf.d/default.conf:6
2021/04/14 05:44:50 [emerg] 1#1: host not found in upstream "node-back:3000" in /etc/nginx/conf.d/default.conf:6
2021/04/14 05:45:02 [emerg] 1#1: host not found in upstream "node-back:3000" in /etc/nginx/conf.d/default.conf:6
2021/04/14 05:45:14 [emerg] 1#1: host not found in upstream "node-back:3000" in /etc/nginx/conf.d/default.conf:6
2021/04/14 05:45:25 [emerg] 1#1: host not found in upstream "node-back:3000" in /etc/nginx/conf.d/default.conf:6
2021/04/14 05:45:37 [emerg] 1#1: host not found in upstream "node-back:3000" in /etc/nginx/conf.d/default.conf:6
2021/04/14 05:45:49 [emerg] 1#1: host not found in upstream "node-back:3000" in /etc/nginx/conf.d/default.conf:6
2021/04/14 05:46:01 [emerg] 1#1: host not found in upstream "node-back:3000" in /etc/nginx/conf.d/default.conf:6
2021/04/14 05:46:13 [emerg] 1#1: host not found in upstream "node-back:3000" in /etc/nginx/conf.d/default.conf:6
2021/04/14 05:46:24 [emerg] 1#1: host not found in upstream "node-back:3000" in /etc/nginx/conf.d/default.conf:6
2021/04/14 05:46:36 [emerg] 1#1: host not found in upstream "node-back:3000" in /etc/nginx/conf.d/default.conf:6
2021/04/14 05:46:49 [emerg] 1#1: host not found in upstream "react-front:3000" in /etc/nginx/conf.d/default.conf:2
2021/04/14 05:49:06 [emerg] 1#1: host not found in upstream "react-front:3000" in /etc/nginx/conf.d/default.conf:2
2021/04/14 05:49:19 [emerg] 1#1: host not found in upstream "react-front:3000" in /etc/nginx/conf.d/default.conf:2
2021/04/14 05:49:33 [emerg] 1#1: host not found in upstream "react-front:3000" in /etc/nginx/conf.d/default.conf:2
2021/04/14 05:49:47 [emerg] 1#1: host not found in upstream "node-back:3000" in /etc/nginx/conf.d/default.conf:6
2021/04/14 05:50:06 [emerg] 1#1: host not found in upstream "node-back:3000" in /etc/nginx/conf.d/default.conf:6
2021/04/14 05:50:18 [emerg] 1#1: host not found in upstream "node-back:3000" in /etc/nginx/conf.d/default.conf:6
2021/04/14 05:50:31 [emerg] 1#1: host not found in upstream "node-back:3000" in /etc/nginx/conf.d/default.conf:6
2021/04/14 05:50:43 [emerg] 1#1: host not found in upstream "node-back:3000" in /etc/nginx/conf.d/default.conf:6
2021/04/14 05:50:55 [emerg] 1#1: host not found in upstream "node-back:3000" in /etc/nginx/conf.d/default.conf:6
2021/04/14 05:51:06 [emerg] 1#1: host not found in upstream "node-back:3000" in /etc/nginx/conf.d/default.conf:6
2021/04/14 05:51:18 [emerg] 1#1: host not found in upstream "node-back:3000" in /etc/nginx/conf.d/default.conf:6
2021/04/14 05:51:30 [emerg] 1#1: host not found in upstream "node-back:3000" in /etc/nginx/conf.d/default.conf:6
2021/04/14 05:51:42 [emerg] 1#1: host not found in upstream "node-back:3000" in /etc/nginx/conf.d/default.conf:6
2021/04/14 05:51:54 [emerg] 1#1: host not found in upstream "node-back:3000" in /etc/nginx/conf.d/default.conf:6
2021/04/14 05:52:06 [emerg] 1#1: host not found in upstream "node-back:3000" in /etc/nginx/conf.d/default.conf:6
2021/04/14 05:52:17 [emerg] 1#1: host not found in upstream "node-back:3000" in /etc/nginx/conf.d/default.conf:6
2021/04/14 05:52:29 [emerg] 1#1: host not found in upstream "node-back:3000" in /etc/nginx/conf.d/default.conf:6
2021/04/14 05:52:41 [emerg] 1#1: host not found in upstream "node-back:3000" in /etc/nginx/conf.d/default.conf:6
2021/04/14 05:52:53 [emerg] 1#1: host not found in upstream "node-back:3000" in /etc/nginx/conf.d/default.conf:6
2021/04/14 05:53:05 [emerg] 1#1: host not found in upstream "node-back:3000" in /etc/nginx/conf.d/default.conf:6
2021/04/14 05:54:59 [emerg] 1#1: host not found in upstream "golang-back:3000" in /etc/nginx/conf.d/default.conf:10
2021/04/14 05:55:12 [emerg] 1#1: host not found in upstream "golang-back:3000" in /etc/nginx/conf.d/default.conf:10
2021/04/14 05:55:25 [emerg] 1#1: host not found in upstream "golang-back:3000" in /etc/nginx/conf.d/default.conf:10
2021/04/14 05:55:36 [emerg] 1#1: host not found in upstream "golang-back:3000" in /etc/nginx/conf.d/default.conf:10
2021/04/14 05:55:48 [emerg] 1#1: host not found in upstream "golang-back:3000" in /etc/nginx/conf.d/default.conf:10
2021/04/14 05:56:00 [emerg] 1#1: host not found in upstream "golang-back:3000" in /etc/nginx/conf.d/default.conf:10
2021/04/14 06:03:52 [error] 31#31: *1 connect() failed (111: Connection refused) while connecting to upstream, client: 172.25.0.1, server: , request: "GET / HTTP/1.1", upstream: "http://172.25.0.3:3000/", host: "localhost"
2021/04/14 06:03:52 [error] 31#31: *1 connect() failed (111: Connection refused) while connecting to upstream, client: 172.25.0.1, server: , request: "GET /favicon.ico HTTP/1.1", upstream: "http://172.25.0.3:3000/favicon.ico", host: "localhost", referrer: "http://localhost/"
2021/04/14 06:07:01 [emerg] 1#1: host not found in upstream "golang-back:3000" in /etc/nginx/conf.d/default.conf:10
2021/04/14 06:07:13 [emerg] 1#1: host not found in upstream "golang-back:3000" in /etc/nginx/conf.d/default.conf:10
2021/04/14 06:12:33 [error] 31#31: *1 upstream prematurely closed connection while reading response header from upstream, client: 172.25.0.1, server: , request: "GET /api/golang/todos HTTP/1.1", upstream: "http://172.25.0.6:3000/api/golang/todos", host: "localhost"
2021/04/14 06:34:57 [error] 31#31: *2 upstream prematurely closed connection while reading response header from upstream, client: 172.25.0.1, server: , request: "GET /api/golang/todos HTTP/1.1", upstream: "http://172.25.0.3:3000/api/golang/todos", host: "localhost"
2021/04/14 06:40:23 [error] 30#30: *2 upstream prematurely closed connection while reading response header from upstream, client: 172.25.0.1, server: , request: "GET /api/golang/todos HTTP/1.1", upstream: "http://172.25.0.6:3000/api/golang/todos", host: "localhost"
2021/04/14 06:42:55 [error] 30#30: *2 upstream prematurely closed connection while reading response header from upstream, client: 172.25.0.1, server: , request: "GET /api/golang/todos HTTP/1.1", upstream: "http://172.25.0.6:3000/api/golang/todos", host: "localhost"
2021/04/14 06:46:05 [error] 30#30: *6 connect() failed (113: No route to host) while connecting to upstream, client: 172.25.0.1, server: , request: "GET /api/golang/todos HTTP/1.1", upstream: "http://172.25.0.6:3000/api/golang/todos", host: "localhost"
2021/04/14 07:37:53 [error] 30#30: *28 connect() failed (111: Connection refused) while connecting to upstream, client: 172.25.0.1, server: , request: "GET / HTTP/1.1", upstream: "http://172.25.0.5:3000/", host: "localhost"
2021/04/14 07:37:53 [error] 30#30: *28 connect() failed (111: Connection refused) while connecting to upstream, client: 172.25.0.1, server: , request: "GET /favicon.ico HTTP/1.1", upstream: "http://172.25.0.5:3000/favicon.ico", host: "localhost", referrer: "http://localhost/"
